<?xml version="1.0" encoding="UTF-8"?>
<!-- Generated by org.testng.reporters.JUnitReportReporter -->
<testsuite skipped="0" hostname="mayank" name="com.qa.eticketing.testcases.LoginPageTest" tests="2" failures="0" timestamp="23 Apr 2020 11:41:55 GMT" time="20.545" errors="0">
  <testcase name="loginPageTitleTest" time="9.679" classname="com.qa.eticketing.testcases.LoginPageTest"/>
  <testcase name="loginTest" time="10.866" classname="com.qa.eticketing.testcases.LoginPageTest"/>
</testsuite> <!-- com.qa.eticketing.testcases.LoginPageTest -->
