<?xml version="1.0" encoding="UTF-8"?>
<!-- Generated by org.testng.reporters.JUnitReportReporter -->
<testsuite skipped="0" hostname="mayank" name="com.qa.eticketing.testcases.ETicketReportsTest" tests="2" failures="0" timestamp="27 May 2020 08:19:58 GMT" time="44.462" errors="0">
  <testcase name="getScreenshotForTotalApplicationsPendingApplicationWiseTest" time="3.295" classname="com.qa.eticketing.testcases.ETicketReportsTest"/>
  <testcase name="getCountForTotalApplicationsPendingApplicationWiseTest" time="41.167" classname="com.qa.eticketing.testcases.ETicketReportsTest"/>
</testsuite> <!-- com.qa.eticketing.testcases.ETicketReportsTest -->
