<?xml version="1.0" encoding="UTF-8"?>
<!-- Generated by org.testng.reporters.JUnitReportReporter -->
<testsuite skipped="0" hostname="mayank" name="com.qa.eticketing.testcases.ETicketReportsTest" tests="2" failures="0" timestamp="06 May 2020 17:51:21 GMT" time="29.065" errors="0">
  <testcase name="getScreenshotForTotalApplicationsPendingApplicationWiseTest" time="16.258" classname="com.qa.eticketing.testcases.ETicketReportsTest"/>
  <testcase name="getCountForTotalApplicationsPendingApplicationWiseTest" time="12.807" classname="com.qa.eticketing.testcases.ETicketReportsTest"/>
</testsuite> <!-- com.qa.eticketing.testcases.ETicketReportsTest -->
