<?xml version="1.0" encoding="UTF-8"?>
<!-- Generated by org.testng.reporters.JUnitReportReporter -->
<testsuite skipped="0" hostname="mayank" name="com.qa.eticketing.testcases.ETicketReportsTest" tests="1" failures="0" timestamp="25 Apr 2020 01:57:00 GMT" time="11.255" errors="0">
  <testcase name="getScreenshotForTotalApplicationsPendingApplicationWiseTest" time="11.255" classname="com.qa.eticketing.testcases.ETicketReportsTest"/>
</testsuite> <!-- com.qa.eticketing.testcases.ETicketReportsTest -->
