<?xml version="1.0" encoding="UTF-8"?>
<!-- Generated by org.testng.reporters.JUnitReportReporter -->
<testsuite skipped="0" hostname="mayank" name="com.qa.eticketing.testcases.ETicketReportsTest" tests="2" failures="0" timestamp="09 May 2020 18:52:08 GMT" time="6.566" errors="0">
  <testcase name="getScreenshotForTotalApplicationsPendingApplicationWiseTest" time="5.157" classname="com.qa.eticketing.testcases.ETicketReportsTest"/>
  <testcase name="getCountForTotalApplicationsPendingApplicationWiseTest" time="1.409" classname="com.qa.eticketing.testcases.ETicketReportsTest"/>
</testsuite> <!-- com.qa.eticketing.testcases.ETicketReportsTest -->
