<?xml version="1.0" encoding="UTF-8"?>
<!-- Generated by org.testng.reporters.JUnitReportReporter -->
<testsuite skipped="0" hostname="mayank" name="com.qa.eticketing.testcases.ETicketReportsTest" tests="2" failures="0" timestamp="06 May 2020 19:18:08 GMT" time="33.267" errors="0">
  <testcase name="getScreenshotForTotalApplicationsPendingApplicationWiseTest" time="18.898" classname="com.qa.eticketing.testcases.ETicketReportsTest"/>
  <testcase name="getCountForTotalApplicationsPendingApplicationWiseTest" time="14.369" classname="com.qa.eticketing.testcases.ETicketReportsTest"/>
</testsuite> <!-- com.qa.eticketing.testcases.ETicketReportsTest -->
