<?xml version="1.0" encoding="UTF-8"?>
<!-- Generated by org.testng.reporters.JUnitReportReporter -->
<testsuite skipped="0" hostname="mayank" name="com.qa.eticketing.testcases.ETicketReportsTest" tests="2" failures="0" timestamp="06 May 2020 18:40:58 GMT" time="31.312" errors="0">
  <testcase name="getScreenshotForTotalApplicationsPendingApplicationWiseTest" time="17.391" classname="com.qa.eticketing.testcases.ETicketReportsTest"/>
  <testcase name="getCountForTotalApplicationsPendingApplicationWiseTest" time="13.921" classname="com.qa.eticketing.testcases.ETicketReportsTest"/>
</testsuite> <!-- com.qa.eticketing.testcases.ETicketReportsTest -->
